<?xml version="1.0" encoding="UTF-8"?>
<!-- Generated by org.testng.reporters.JUnitReportReporter -->
<testsuite skipped="0" hostname="DESKTOP-VV66SQ7" name="com.nopcommerce.user.Level_04_ApplyPageFactory" tests="1" failures="0" timestamp="22 Feb 2020 15:24:43 GMT" time="4.941" errors="0">
  <testcase name="TC_01_Login" time="4.941" classname="com.nopcommerce.user.Level_04_ApplyPageFactory"/>
</testsuite> <!-- com.nopcommerce.user.Level_04_ApplyPageFactory -->
