<?xml version="1.0" encoding="UTF-8"?>
<!-- Generated by org.testng.reporters.JUnitReportReporter -->
<testsuite skipped="0" hostname="DESKTOP-VV66SQ7" name="com.nopcommerce.user.Level_03_ApplyPageObject" tests="1" failures="0" timestamp="22 Feb 2020 07:03:43 GMT" time="4.410" errors="0">
  <testcase name="TC_01_Login" time="4.410" classname="com.nopcommerce.user.Level_03_ApplyPageObject"/>
</testsuite> <!-- com.nopcommerce.user.Level_03_ApplyPageObject -->
